<?xml version="1.0" encoding="UTF-8" ?>
<testsuite errors="0" failures="0" hostname="swordfish.roam.corp.google.com" name="com.flatironschool.javacs.HelloWorldTest" skipped="0" tests="1" time="0.327" timestamp="2016-03-21T18:18:01">
  <properties>
    <property name="java.vendor" value="Oracle Corporation" />
    <property name="env.NVM_BIN" value="/Users/evansenter/.nvm/versions/node/v5.1.0/bin" />
    <property name="env.JAVA_MAIN_CLASS_8841" value="org.apache.tools.ant.launch.Launcher" />
    <property name="sun.java.launcher" value="SUN_STANDARD" />
    <property name="env.XPC_SERVICE_NAME" value="0" />
    <property name="sun.management.compiler" value="HotSpot 64-Bit Tiered Compilers" />
    <property name="env.SECURITYSESSIONID" value="186a7" />
    <property name="env.GREP_OPTIONS" value="--color=auto" />
    <property name="env._system_arch" value="x86_64" />
    <property name="env.GEM_HOME" value="/Users/evansenter/.rvm/gems/ruby-2.3.0" />
    <property name="os.name" value="Mac OS X" />
    <property name="sun.boot.class.path" value="/Library/Java/JavaVirtualMachines/jdk1.8.0_72.jdk/Contents/Home/jre/lib/resources.jar:/Library/Java/JavaVirtualMachines/jdk1.8.0_72.jdk/Contents/Home/jre/lib/rt.jar:/Library/Java/JavaVirtualMachines/jdk1.8.0_72.jdk/Contents/Home/jre/lib/sunrsasign.jar:/Library/Java/JavaVirtualMachines/jdk1.8.0_72.jdk/Contents/Home/jre/lib/jsse.jar:/Library/Java/JavaVirtualMachines/jdk1.8.0_72.jdk/Contents/Home/jre/lib/jce.jar:/Library/Java/JavaVirtualMachines/jdk1.8.0_72.jdk/Contents/Home/jre/lib/charsets.jar:/Library/Java/JavaVirtualMachines/jdk1.8.0_72.jdk/Contents/Home/jre/lib/jfr.jar:/Library/Java/JavaVirtualMachines/jdk1.8.0_72.jdk/Contents/Home/jre/classes" />
    <property name="env.TMPDIR" value="/var/folders/qh/jkjzzbj16djfc9fbqg7g2ml800_kdl/T/" />
    <property name="env.PWD" value="/Users/evansenter/Source/google/codeu/cs-java-hello-world-lab-codeU" />
    <property name="env.LANG" value="en_US.UTF-8" />
    <property name="java.vm.specification.vendor" value="Oracle Corporation" />
    <property name="ant.home" value="/Users/evansenter/homebrew/Cellar/ant/1.9.6/libexec" />
    <property name="java.runtime.version" value="1.8.0_72-b15" />
    <property name="env.MY_RUBY_HOME" value="/Users/evansenter/.rvm/rubies/ruby-2.3.0" />
    <property name="env.PYTHONIOENCODING" value="UTF-8" />
    <property name="env.GOPATH" value="/Users/evansenter/Source/google/go" />
    <property name="env.HISTSIZE" value="32768" />
    <property name="env.Apple_PubSub_Socket_Render" value="/private/tmp/com.apple.launchd.vO6s6sT2zf/Render" />
    <property name="env.DISPLAY" value="/private/tmp/com.apple.launchd.1boE6JuooZ/org.macosforge.xquartz:0" />
    <property name="env.NVM_CD_FLAGS" value="" />
    <property name="env.rvm_version" value="1.26.11 (latest)" />
    <property name="env.NODE_REPL_MODE" value="sloppy" />
    <property name="user.name" value="evansenter" />
    <property name="env.USER" value="evansenter" />
    <property name="env.HISTCONTROL" value="ignoreboth" />
    <property name="env.SHELL" value="/bin/bash" />
    <property name="env.__CF_USER_TEXT_ENCODING" value="0x549B3:0x0:0x0" />
    <property name="env.HISTFILESIZE" value="32768" />
    <property name="env.NODE_PATH" value=":/Users/evansenter/homebrew/lib/node_modules" />
    <property name="env._system_type" value="Darwin" />
    <property name="env.PATH" value="/Users/evansenter/.rvm/gems/ruby-2.3.0/bin:/Users/evansenter/.rvm/gems/ruby-2.3.0@global/bin:/Users/evansenter/.rvm/rubies/ruby-2.3.0/bin:/Users/evansenter/.nvm/versions/node/v5.1.0/bin:/Users/evansenter/bin:/Users/evansenter/bin/go_appengine:/Users/evansenter/homebrew/bin:/Users/evansenter/homebrew/sbin:/Users/evansenter/Source/google/go/bin:/usr/local/git/current/bin:/usr/local/bin:/usr/bin:/bin:/usr/local/sbin:/usr/sbin:/sbin:/opt/X11/bin:/usr/local/go/bin:/Library/TeX/texbin:/Users/evansenter/.rvm/bin" />
    <property name="user.language" value="en" />
    <property name="env.rvm_prefix" value="/Users/evansenter" />
    <property name="sun.boot.library.path" value="/Library/Java/JavaVirtualMachines/jdk1.8.0_72.jdk/Contents/Home/jre/lib" />
    <property name="ant.project.default-target" value="build" />
    <property name="env.XPC_FLAGS" value="0x0" />
    <property name="ant.project.name" value="JavaCS" />
    <property name="env.rvm_path" value="/Users/evansenter/.rvm" />
    <property name="env.RUBY_VERSION" value="ruby-2.3.0" />
    <property name="java.version" value="1.8.0_72" />
    <property name="user.timezone" value="" />
    <property name="env.NODE_REPL_HISTORY" value="/Users/evansenter/.node_history" />
    <property name="sun.arch.data.model" value="64" />
    <property name="env._system_name" value="OSX" />
    <property name="env.SSH_AGENT_PID" value="693" />
    <property name="env.LESS_TERMCAP_md" value="[38;5;136m" />
    <property name="http.nonProxyHosts" value="local|*.local|169.254/16|*.169.254/16" />
    <property name="java.endorsed.dirs" value="/Library/Java/JavaVirtualMachines/jdk1.8.0_72.jdk/Contents/Home/jre/lib/endorsed" />
    <property name="sun.cpu.isalist" value="" />
    <property name="sun.jnu.encoding" value="UTF-8" />
    <property name="env.rvm_bin_path" value="/Users/evansenter/.rvm/bin" />
    <property name="file.encoding.pkg" value="sun.io" />
    <property name="env.SHLVL" value="3" />
    <property name="file.separator" value="/" />
    <property name="env._system_version" value="10.11" />
    <property name="java.specification.name" value="Java Platform API Specification" />
    <property name="java.class.version" value="52.0" />
    <property name="user.country" value="US" />
    <property name="ant.file.JavaCS" value="/Users/evansenter/Source/google/codeu/cs-java-hello-world-lab-codeU/javacs-lab00/build.xml" />
    <property name="java.home" value="/Library/Java/JavaVirtualMachines/jdk1.8.0_72.jdk/Contents/Home/jre" />
    <property name="java.vm.info" value="mixed mode" />
    <property name="env.ENTREZ_EMAIL" value="evansenter@gmail.com" />
    <property name="env.LOGNAME" value="evansenter" />
    <property name="ant.file" value="/Users/evansenter/Source/google/codeu/cs-java-hello-world-lab-codeU/javacs-lab00/build.xml" />
    <property name="os.version" value="10.11.3" />
    <property name="env.TERM_PROGRAM_VERSION" value="361.1" />
    <property name="env._ORIGINAL_GEM_PATH" value="/Users/evansenter/.rvm/gems/ruby-2.3.0:/Users/evansenter/.rvm/gems/ruby-2.3.0@global" />
    <property name="path.separator" value=":" />
    <property name="java.vm.version" value="25.72-b15" />
    <property name="ant.library.dir" value="/Users/evansenter/homebrew/Cellar/ant/1.9.6/libexec/lib" />
    <property name="env.NVM_NODEJS_ORG_MIRROR" value="https://nodejs.org/dist" />
    <property name="junit.output.dir" value="junit" />
    <property name="env.IRBRC" value="/Users/evansenter/.rvm/rubies/ruby-2.3.0/.irbrc" />
    <property name="env.TERM" value="xterm-256color" />
    <property name="java.awt.printerjob" value="sun.lwawt.macosx.CPrinterJob" />
    <property name="sun.io.unicode.encoding" value="UnicodeBig" />
    <property name="awt.toolkit" value="sun.lwawt.macosx.LWCToolkit" />
    <property name="socksNonProxyHosts" value="local|*.local|169.254/16|*.169.254/16" />
    <property name="env.MANPATH" value="/Users/evansenter/.nvm/versions/node/v5.1.0/share/man:/Users/evansenter/homebrew/share/man:/usr/local/git/current/share/man:/usr/local/share/man:/usr/share/man:/opt/X11/share/man:/Library/Developer/CommandLineTools/usr/share/man" />
    <property name="ftp.nonProxyHosts" value="local|*.local|169.254/16|*.169.254/16" />
    <property name="env.GEM_PATH" value="/Users/evansenter/.rvm/gems/ruby-2.3.0:/Users/evansenter/.rvm/gems/ruby-2.3.0@global" />
    <property name="target" value="1.6" />
    <property name="user.home" value="/Users/evansenter" />
    <property name="java.specification.vendor" value="Oracle Corporation" />
    <property name="env.HOMEBREW_CASK_OPTS" value="--appdir=/Applications" />
    <property name="env.TERM_PROGRAM" value="Apple_Terminal" />
    <property name="java.vendor.url" value="http://java.oracle.com/" />
    <property name="java.library.path" value="/Users/evansenter/Library/Java/Extensions:/Library/Java/Extensions:/Network/Library/Java/Extensions:/System/Library/Java/Extensions:/usr/lib/java:." />
    <property name="env.NODE_REPL_HISTORY_SIZE" value="32768" />
    <property name="java.vm.vendor" value="Oracle Corporation" />
    <property name="gopherProxySet" value="false" />
    <property name="java.runtime.name" value="Java(TM) SE Runtime Environment" />
    <property name="ant.version" value="Apache Ant(TM) version 1.9.6 compiled on June 29 2015" />
    <property name="sun.java.command" value="org.apache.tools.ant.taskdefs.optional.junit.JUnitTestRunner com.flatironschool.javacs.HelloWorldTest skipNonTests=false filtertrace=true haltOnError=false haltOnFailure=false formatter=org.apache.tools.ant.taskdefs.optional.junit.OutErrSummaryJUnitResultFormatter showoutput=false outputtoformatters=true logfailedtests=true threadid=0 logtestlistenerevents=false formatter=org.apache.tools.ant.taskdefs.optional.junit.XMLJUnitResultFormatter,/Users/evansenter/Source/google/codeu/cs-java-hello-world-lab-codeU/javacs-lab00/junit/TEST-com.flatironschool.javacs.HelloWorldTest.xml formatter=org.apache.tools.ant.taskdefs.optional.junit.PlainJUnitResultFormatter crashfile=/Users/evansenter/Source/google/codeu/cs-java-hello-world-lab-codeU/javacs-lab00/junitvmwatcher9221422397034485481.properties propsfile=/Users/evansenter/Source/google/codeu/cs-java-hello-world-lab-codeU/javacs-lab00/junit7269919452970108967.properties" />
    <property name="java.class.path" value="/Users/evansenter/Source/google/codeu/cs-java-hello-world-lab-codeU/javacs-lab00/bin:/Users/evansenter/Source/google/codeu/cs-java-hello-world-lab-codeU/javacs-lab00/lib/junit-4.12.jar:/Users/evansenter/Source/google/codeu/cs-java-hello-world-lab-codeU/javacs-lab00/lib/hamcrest-core-1.3.jar:/Users/evansenter/homebrew/Cellar/ant/1.9.6/libexec/lib/ant-launcher.jar:/Users/evansenter/homebrew/Cellar/ant/1.9.6/libexec/lib/ant.jar:/Users/evansenter/homebrew/Cellar/ant/1.9.6/libexec/lib/ant-junit.jar:/Users/evansenter/homebrew/Cellar/ant/1.9.6/libexec/lib/ant-junit4.jar" />
    <property name="env.TERM_SESSION_ID" value="5E8CB0F9-87EB-4CA0-80E6-BE718BB7671D" />
    <property name="ant.file.type.JavaCS" value="file" />
    <property name="java.vm.specification.name" value="Java Virtual Machine Specification" />
    <property name="ant.file.type" value="file" />
    <property name="java.vm.specification.version" value="1.8" />
    <property name="sun.os.patch.level" value="unknown" />
    <property name="sun.cpu.endian" value="little" />
    <property name="debuglevel" value="source,lines,vars" />
    <property name="env.HOME" value="/Users/evansenter" />
    <property name="env.STUDIO_PROPERTIES" value="/Users/evansenter/.idea.properties" />
    <property name="java.io.tmpdir" value="/var/folders/qh/jkjzzbj16djfc9fbqg7g2ml800_kdl/T/" />
    <property name="env.LS_COLORS" value="no=00:fi=00:di=01;34:ln=01;36:pi=40;33:so=01;35:do=01;35:bd=40;33;01:cd=40;33;01:or=40;31;01:ex=01;32:*.tar=01;31:*.tgz=01;31:*.arj=01;31:*.taz=01;31:*.lzh=01;31:*.zip=01;31:*.z=01;31:*.Z=01;31:*.gz=01;31:*.bz2=01;31:*.deb=01;31:*.rpm=01;31:*.jar=01;31:*.jpg=01;35:*.jpeg=01;35:*.gif=01;35:*.bmp=01;35:*.pbm=01;35:*.pgm=01;35:*.ppm=01;35:*.tga=01;35:*.xbm=01;35:*.xpm=01;35:*.tif=01;35:*.tiff=01;35:*.png=01;35:*.mov=01;35:*.mpg=01;35:*.mpeg=01;35:*.avi=01;35:*.fli=01;35:*.gl=01;35:*.dl=01;35:*.xcf=01;35:*.xwd=01;35:*.ogg=01;35:*.mp3=01;35:*.wav=01;35:" />
    <property name="java.vendor.url.bug" value="http://bugreport.sun.com/bugreport/" />
    <property name="env.NVM_PATH" value="/Users/evansenter/.nvm/versions/node/v5.1.0/lib/node" />
    <property name="env.SSH_AUTH_SOCK" value="/var/folders/qh/jkjzzbj16djfc9fbqg7g2ml800_kdl/T//ssh-H6miuT0dJKLt/agent.689" />
    <property name="java.awt.graphicsenv" value="sun.awt.CGraphicsEnvironment" />
    <property name="os.arch" value="x86_64" />
    <property name="env.SRC" value="/Users/evansenter/Source" />
    <property name="java.ext.dirs" value="/Users/evansenter/Library/Java/Extensions:/Library/Java/JavaVirtualMachines/jdk1.8.0_72.jdk/Contents/Home/jre/lib/ext:/Library/Java/Extensions:/Network/Library/Java/Extensions:/System/Library/Java/Extensions:/usr/lib/java" />
    <property name="user.dir" value="/Users/evansenter/Source/google/codeu/cs-java-hello-world-lab-codeU" />
    <property name="env.LC_ALL" value="en_US.UTF-8" />
    <property name="line.separator" value="&#xa;" />
    <property name="java.vm.name" value="Java HotSpot(TM) 64-Bit Server VM" />
    <property name="env.NVM_IOJS_ORG_MIRROR" value="https://iojs.org/dist" />
    <property name="env.EDITOR" value="vim" />
    <property name="basedir" value="/Users/evansenter/Source/google/codeu/cs-java-hello-world-lab-codeU/javacs-lab00" />
    <property name="env.MANPAGER" value="less -X" />
    <property name="ant.java.version" value="1.8" />
    <property name="ant.core.lib" value="/Users/evansenter/homebrew/Cellar/ant/1.9.6/libexec/lib/ant.jar" />
    <property name="source" value="1.6" />
    <property name="file.encoding" value="UTF-8" />
    <property name="env.NVM_DIR" value="/Users/evansenter/.nvm" />
    <property name="java.specification.version" value="1.8" />
    <property name="ant.project.invoked-targets" value="test" />
  </properties>
  <testcase classname="com.flatironschool.javacs.HelloWorldTest" name="testGetVersion" time="0.003" />
  <system-out><![CDATA[]]></system-out>
  <system-err><![CDATA[]]></system-err>
</testsuite>
